Start testing: Dec 24 13:54 MSK
----------------------------------------------------------
1/17 Testing: ArgParserTestSuite.EmptyTest
1/17 Test: ArgParserTestSuite.EmptyTest
Command: "/Users/beganovruslan/github-classroom/is-itmo-c-24/lаbwork4-BegаnоvR/build/tests/argparser_tests" "--gtest_filter=ArgParserTestSuite.EmptyTest" "--gtest_also_run_disabled_tests"
Directory: /Users/beganovruslan/github-classroom/is-itmo-c-24/lаbwork4-BegаnоvR/build/tests
"ArgParserTestSuite.EmptyTest" start time: Dec 24 13:54 MSK
Output:
----------------------------------------------------------
Running main() from /Users/beganovruslan/github-classroom/is-itmo-c-24/lаbwork4-BegаnоvR/build/_deps/googletest-src/googletest/src/gtest_main.cc
Note: Google Test filter = ArgParserTestSuite.EmptyTest
[==========] Running 1 test from 1 test suite.
[----------] Global test environment set-up.
[----------] 1 test from ArgParserTestSuite
[ RUN      ] ArgParserTestSuite.EmptyTest
No arguments provided.
[       OK ] ArgParserTestSuite.EmptyTest (0 ms)
[----------] 1 test from ArgParserTestSuite (0 ms total)

[----------] Global test environment tear-down
[==========] 1 test from 1 test suite ran. (0 ms total)
[  PASSED  ] 1 test.
<end of output>
Test time =   0.01 sec
----------------------------------------------------------
Test Passed.
"ArgParserTestSuite.EmptyTest" end time: Dec 24 13:54 MSK
"ArgParserTestSuite.EmptyTest" time elapsed: 00:00:00
----------------------------------------------------------

2/17 Testing: ArgParserTestSuite.StringTest
2/17 Test: ArgParserTestSuite.StringTest
Command: "/Users/beganovruslan/github-classroom/is-itmo-c-24/lаbwork4-BegаnоvR/build/tests/argparser_tests" "--gtest_filter=ArgParserTestSuite.StringTest" "--gtest_also_run_disabled_tests"
Directory: /Users/beganovruslan/github-classroom/is-itmo-c-24/lаbwork4-BegаnоvR/build/tests
"ArgParserTestSuite.StringTest" start time: Dec 24 13:54 MSK
Output:
----------------------------------------------------------
Running main() from /Users/beganovruslan/github-classroom/is-itmo-c-24/lаbwork4-BegаnоvR/build/_deps/googletest-src/googletest/src/gtest_main.cc
Note: Google Test filter = ArgParserTestSuite.StringTest
[==========] Running 1 test from 1 test suite.
[----------] Global test environment set-up.
[----------] 1 test from ArgParserTestSuite
[ RUN      ] ArgParserTestSuite.StringTest
Processing argument: --param1=value1
[       OK ] ArgParserTestSuite.StringTest (0 ms)
[----------] 1 test from ArgParserTestSuite (0 ms total)

[----------] Global test environment tear-down
[==========] 1 test from 1 test suite ran. (0 ms total)
[  PASSED  ] 1 test.
<end of output>
Test time =   0.00 sec
----------------------------------------------------------
Test Passed.
"ArgParserTestSuite.StringTest" end time: Dec 24 13:54 MSK
"ArgParserTestSuite.StringTest" time elapsed: 00:00:00
----------------------------------------------------------

3/17 Testing: ArgParserTestSuite.ShortNameTest
3/17 Test: ArgParserTestSuite.ShortNameTest
Command: "/Users/beganovruslan/github-classroom/is-itmo-c-24/lаbwork4-BegаnоvR/build/tests/argparser_tests" "--gtest_filter=ArgParserTestSuite.ShortNameTest" "--gtest_also_run_disabled_tests"
Directory: /Users/beganovruslan/github-classroom/is-itmo-c-24/lаbwork4-BegаnоvR/build/tests
"ArgParserTestSuite.ShortNameTest" start time: Dec 24 13:54 MSK
Output:
----------------------------------------------------------
Running main() from /Users/beganovruslan/github-classroom/is-itmo-c-24/lаbwork4-BegаnоvR/build/_deps/googletest-src/googletest/src/gtest_main.cc
Note: Google Test filter = ArgParserTestSuite.ShortNameTest
[==========] Running 1 test from 1 test suite.
[----------] Global test environment set-up.
[----------] 1 test from ArgParserTestSuite
[ RUN      ] ArgParserTestSuite.ShortNameTest
Processing argument: -p=value1
[       OK ] ArgParserTestSuite.ShortNameTest (0 ms)
[----------] 1 test from ArgParserTestSuite (0 ms total)

[----------] Global test environment tear-down
[==========] 1 test from 1 test suite ran. (0 ms total)
[  PASSED  ] 1 test.
<end of output>
Test time =   0.00 sec
----------------------------------------------------------
Test Passed.
"ArgParserTestSuite.ShortNameTest" end time: Dec 24 13:54 MSK
"ArgParserTestSuite.ShortNameTest" time elapsed: 00:00:00
----------------------------------------------------------

4/17 Testing: ArgParserTestSuite.DefaultTest
4/17 Test: ArgParserTestSuite.DefaultTest
Command: "/Users/beganovruslan/github-classroom/is-itmo-c-24/lаbwork4-BegаnоvR/build/tests/argparser_tests" "--gtest_filter=ArgParserTestSuite.DefaultTest" "--gtest_also_run_disabled_tests"
Directory: /Users/beganovruslan/github-classroom/is-itmo-c-24/lаbwork4-BegаnоvR/build/tests
"ArgParserTestSuite.DefaultTest" start time: Dec 24 13:54 MSK
Output:
----------------------------------------------------------
Running main() from /Users/beganovruslan/github-classroom/is-itmo-c-24/lаbwork4-BegаnоvR/build/_deps/googletest-src/googletest/src/gtest_main.cc
Note: Google Test filter = ArgParserTestSuite.DefaultTest
[==========] Running 1 test from 1 test suite.
[----------] Global test environment set-up.
[----------] 1 test from ArgParserTestSuite
[ RUN      ] ArgParserTestSuite.DefaultTest
No arguments provided.
[       OK ] ArgParserTestSuite.DefaultTest (0 ms)
[----------] 1 test from ArgParserTestSuite (0 ms total)

[----------] Global test environment tear-down
[==========] 1 test from 1 test suite ran. (0 ms total)
[  PASSED  ] 1 test.
<end of output>
Test time =   0.00 sec
----------------------------------------------------------
Test Passed.
"ArgParserTestSuite.DefaultTest" end time: Dec 24 13:54 MSK
"ArgParserTestSuite.DefaultTest" time elapsed: 00:00:00
----------------------------------------------------------

5/17 Testing: ArgParserTestSuite.NoDefaultTest
5/17 Test: ArgParserTestSuite.NoDefaultTest
Command: "/Users/beganovruslan/github-classroom/is-itmo-c-24/lаbwork4-BegаnоvR/build/tests/argparser_tests" "--gtest_filter=ArgParserTestSuite.NoDefaultTest" "--gtest_also_run_disabled_tests"
Directory: /Users/beganovruslan/github-classroom/is-itmo-c-24/lаbwork4-BegаnоvR/build/tests
"ArgParserTestSuite.NoDefaultTest" start time: Dec 24 13:54 MSK
Output:
----------------------------------------------------------
Running main() from /Users/beganovruslan/github-classroom/is-itmo-c-24/lаbwork4-BegаnоvR/build/_deps/googletest-src/googletest/src/gtest_main.cc
Note: Google Test filter = ArgParserTestSuite.NoDefaultTest
[==========] Running 1 test from 1 test suite.
[----------] Global test environment set-up.
[----------] 1 test from ArgParserTestSuite
[ RUN      ] ArgParserTestSuite.NoDefaultTest
No arguments provided.
Required argument param1 not provided.
[       OK ] ArgParserTestSuite.NoDefaultTest (0 ms)
[----------] 1 test from ArgParserTestSuite (0 ms total)

[----------] Global test environment tear-down
[==========] 1 test from 1 test suite ran. (0 ms total)
[  PASSED  ] 1 test.
<end of output>
Test time =   0.00 sec
----------------------------------------------------------
Test Passed.
"ArgParserTestSuite.NoDefaultTest" end time: Dec 24 13:54 MSK
"ArgParserTestSuite.NoDefaultTest" time elapsed: 00:00:00
----------------------------------------------------------

6/17 Testing: ArgParserTestSuite.StoreValueTest
6/17 Test: ArgParserTestSuite.StoreValueTest
Command: "/Users/beganovruslan/github-classroom/is-itmo-c-24/lаbwork4-BegаnоvR/build/tests/argparser_tests" "--gtest_filter=ArgParserTestSuite.StoreValueTest" "--gtest_also_run_disabled_tests"
Directory: /Users/beganovruslan/github-classroom/is-itmo-c-24/lаbwork4-BegаnоvR/build/tests
"ArgParserTestSuite.StoreValueTest" start time: Dec 24 13:54 MSK
Output:
----------------------------------------------------------
Running main() from /Users/beganovruslan/github-classroom/is-itmo-c-24/lаbwork4-BegаnоvR/build/_deps/googletest-src/googletest/src/gtest_main.cc
Note: Google Test filter = ArgParserTestSuite.StoreValueTest
[==========] Running 1 test from 1 test suite.
[----------] Global test environment set-up.
[----------] 1 test from ArgParserTestSuite
[ RUN      ] ArgParserTestSuite.StoreValueTest
Processing argument: --param1=value1
[       OK ] ArgParserTestSuite.StoreValueTest (0 ms)
[----------] 1 test from ArgParserTestSuite (0 ms total)

[----------] Global test environment tear-down
[==========] 1 test from 1 test suite ran. (0 ms total)
[  PASSED  ] 1 test.
<end of output>
Test time =   0.00 sec
----------------------------------------------------------
Test Passed.
"ArgParserTestSuite.StoreValueTest" end time: Dec 24 13:54 MSK
"ArgParserTestSuite.StoreValueTest" time elapsed: 00:00:00
----------------------------------------------------------

7/17 Testing: ArgParserTestSuite.MultiStringTest
7/17 Test: ArgParserTestSuite.MultiStringTest
Command: "/Users/beganovruslan/github-classroom/is-itmo-c-24/lаbwork4-BegаnоvR/build/tests/argparser_tests" "--gtest_filter=ArgParserTestSuite.MultiStringTest" "--gtest_also_run_disabled_tests"
Directory: /Users/beganovruslan/github-classroom/is-itmo-c-24/lаbwork4-BegаnоvR/build/tests
"ArgParserTestSuite.MultiStringTest" start time: Dec 24 13:54 MSK
Output:
----------------------------------------------------------
Running main() from /Users/beganovruslan/github-classroom/is-itmo-c-24/lаbwork4-BegаnоvR/build/_deps/googletest-src/googletest/src/gtest_main.cc
Note: Google Test filter = ArgParserTestSuite.MultiStringTest
[==========] Running 1 test from 1 test suite.
[----------] Global test environment set-up.
[----------] 1 test from ArgParserTestSuite
[ RUN      ] ArgParserTestSuite.MultiStringTest
Processing argument: --param1=value1
Processing argument: --param2=value2
[       OK ] ArgParserTestSuite.MultiStringTest (0 ms)
[----------] 1 test from ArgParserTestSuite (0 ms total)

[----------] Global test environment tear-down
[==========] 1 test from 1 test suite ran. (0 ms total)
[  PASSED  ] 1 test.
<end of output>
Test time =   0.00 sec
----------------------------------------------------------
Test Passed.
"ArgParserTestSuite.MultiStringTest" end time: Dec 24 13:54 MSK
"ArgParserTestSuite.MultiStringTest" time elapsed: 00:00:00
----------------------------------------------------------

8/17 Testing: ArgParserTestSuite.IntTest
8/17 Test: ArgParserTestSuite.IntTest
Command: "/Users/beganovruslan/github-classroom/is-itmo-c-24/lаbwork4-BegаnоvR/build/tests/argparser_tests" "--gtest_filter=ArgParserTestSuite.IntTest" "--gtest_also_run_disabled_tests"
Directory: /Users/beganovruslan/github-classroom/is-itmo-c-24/lаbwork4-BegаnоvR/build/tests
"ArgParserTestSuite.IntTest" start time: Dec 24 13:54 MSK
Output:
----------------------------------------------------------
Running main() from /Users/beganovruslan/github-classroom/is-itmo-c-24/lаbwork4-BegаnоvR/build/_deps/googletest-src/googletest/src/gtest_main.cc
Note: Google Test filter = ArgParserTestSuite.IntTest
[==========] Running 1 test from 1 test suite.
[----------] Global test environment set-up.
[----------] 1 test from ArgParserTestSuite
[ RUN      ] ArgParserTestSuite.IntTest
Processing argument: --param1=100500
[       OK ] ArgParserTestSuite.IntTest (0 ms)
[----------] 1 test from ArgParserTestSuite (0 ms total)

[----------] Global test environment tear-down
[==========] 1 test from 1 test suite ran. (0 ms total)
[  PASSED  ] 1 test.
<end of output>
Test time =   0.00 sec
----------------------------------------------------------
Test Passed.
"ArgParserTestSuite.IntTest" end time: Dec 24 13:54 MSK
"ArgParserTestSuite.IntTest" time elapsed: 00:00:00
----------------------------------------------------------

9/17 Testing: ArgParserTestSuite.MultiValueTest
9/17 Test: ArgParserTestSuite.MultiValueTest
Command: "/Users/beganovruslan/github-classroom/is-itmo-c-24/lаbwork4-BegаnоvR/build/tests/argparser_tests" "--gtest_filter=ArgParserTestSuite.MultiValueTest" "--gtest_also_run_disabled_tests"
Directory: /Users/beganovruslan/github-classroom/is-itmo-c-24/lаbwork4-BegаnоvR/build/tests
"ArgParserTestSuite.MultiValueTest" start time: Dec 24 13:54 MSK
Output:
----------------------------------------------------------
Running main() from /Users/beganovruslan/github-classroom/is-itmo-c-24/lаbwork4-BegаnоvR/build/_deps/googletest-src/googletest/src/gtest_main.cc
Note: Google Test filter = ArgParserTestSuite.MultiValueTest
[==========] Running 1 test from 1 test suite.
[----------] Global test environment set-up.
[----------] 1 test from ArgParserTestSuite
[ RUN      ] ArgParserTestSuite.MultiValueTest
Mapping short name p to param1
Processing argument: --param1=1
Processing argument: --param1=2
Processing argument: --param1=3
[       OK ] ArgParserTestSuite.MultiValueTest (0 ms)
[----------] 1 test from ArgParserTestSuite (0 ms total)

[----------] Global test environment tear-down
[==========] 1 test from 1 test suite ran. (0 ms total)
[  PASSED  ] 1 test.
<end of output>
Test time =   0.00 sec
----------------------------------------------------------
Test Passed.
"ArgParserTestSuite.MultiValueTest" end time: Dec 24 13:54 MSK
"ArgParserTestSuite.MultiValueTest" time elapsed: 00:00:00
----------------------------------------------------------

10/17 Testing: ArgParserTestSuite.MinCountMultiValueTest
10/17 Test: ArgParserTestSuite.MinCountMultiValueTest
Command: "/Users/beganovruslan/github-classroom/is-itmo-c-24/lаbwork4-BegаnоvR/build/tests/argparser_tests" "--gtest_filter=ArgParserTestSuite.MinCountMultiValueTest" "--gtest_also_run_disabled_tests"
Directory: /Users/beganovruslan/github-classroom/is-itmo-c-24/lаbwork4-BegаnоvR/build/tests
"ArgParserTestSuite.MinCountMultiValueTest" start time: Dec 24 13:54 MSK
Output:
----------------------------------------------------------
Running main() from /Users/beganovruslan/github-classroom/is-itmo-c-24/lаbwork4-BegаnоvR/build/_deps/googletest-src/googletest/src/gtest_main.cc
Note: Google Test filter = ArgParserTestSuite.MinCountMultiValueTest
[==========] Running 1 test from 1 test suite.
[----------] Global test environment set-up.
[----------] 1 test from ArgParserTestSuite
[ RUN      ] ArgParserTestSuite.MinCountMultiValueTest
Mapping short name p to param1
Processing argument: --param1=1
Processing argument: --param1=2
Processing argument: --param1=3
Argument param1 requires at least 10 values, but 3 were provided.
[       OK ] ArgParserTestSuite.MinCountMultiValueTest (0 ms)
[----------] 1 test from ArgParserTestSuite (0 ms total)

[----------] Global test environment tear-down
[==========] 1 test from 1 test suite ran. (0 ms total)
[  PASSED  ] 1 test.
<end of output>
Test time =   0.00 sec
----------------------------------------------------------
Test Passed.
"ArgParserTestSuite.MinCountMultiValueTest" end time: Dec 24 13:54 MSK
"ArgParserTestSuite.MinCountMultiValueTest" time elapsed: 00:00:00
----------------------------------------------------------

11/17 Testing: ArgParserTestSuite.FlagTest
11/17 Test: ArgParserTestSuite.FlagTest
Command: "/Users/beganovruslan/github-classroom/is-itmo-c-24/lаbwork4-BegаnоvR/build/tests/argparser_tests" "--gtest_filter=ArgParserTestSuite.FlagTest" "--gtest_also_run_disabled_tests"
Directory: /Users/beganovruslan/github-classroom/is-itmo-c-24/lаbwork4-BegаnоvR/build/tests
"ArgParserTestSuite.FlagTest" start time: Dec 24 13:54 MSK
Output:
----------------------------------------------------------
Running main() from /Users/beganovruslan/github-classroom/is-itmo-c-24/lаbwork4-BegаnоvR/build/_deps/googletest-src/googletest/src/gtest_main.cc
Note: Google Test filter = ArgParserTestSuite.FlagTest
[==========] Running 1 test from 1 test suite.
[----------] Global test environment set-up.
[----------] 1 test from ArgParserTestSuite
[ RUN      ] ArgParserTestSuite.FlagTest
Processing argument: --flag1
[       OK ] ArgParserTestSuite.FlagTest (0 ms)
[----------] 1 test from ArgParserTestSuite (0 ms total)

[----------] Global test environment tear-down
[==========] 1 test from 1 test suite ran. (0 ms total)
[  PASSED  ] 1 test.
<end of output>
Test time =   0.00 sec
----------------------------------------------------------
Test Passed.
"ArgParserTestSuite.FlagTest" end time: Dec 24 13:54 MSK
"ArgParserTestSuite.FlagTest" time elapsed: 00:00:00
----------------------------------------------------------

12/17 Testing: ArgParserTestSuite.FlagsTest
12/17 Test: ArgParserTestSuite.FlagsTest
Command: "/Users/beganovruslan/github-classroom/is-itmo-c-24/lаbwork4-BegаnоvR/build/tests/argparser_tests" "--gtest_filter=ArgParserTestSuite.FlagsTest" "--gtest_also_run_disabled_tests"
Directory: /Users/beganovruslan/github-classroom/is-itmo-c-24/lаbwork4-BegаnоvR/build/tests
"ArgParserTestSuite.FlagsTest" start time: Dec 24 13:54 MSK
Output:
----------------------------------------------------------
Running main() from /Users/beganovruslan/github-classroom/is-itmo-c-24/lаbwork4-BegаnоvR/build/_deps/googletest-src/googletest/src/gtest_main.cc
Note: Google Test filter = ArgParserTestSuite.FlagsTest
[==========] Running 1 test from 1 test suite.
[----------] Global test environment set-up.
[----------] 1 test from ArgParserTestSuite
[ RUN      ] ArgParserTestSuite.FlagsTest
Processing argument: -ac
[       OK ] ArgParserTestSuite.FlagsTest (0 ms)
[----------] 1 test from ArgParserTestSuite (0 ms total)

[----------] Global test environment tear-down
[==========] 1 test from 1 test suite ran. (0 ms total)
[  PASSED  ] 1 test.
<end of output>
Test time =   0.00 sec
----------------------------------------------------------
Test Passed.
"ArgParserTestSuite.FlagsTest" end time: Dec 24 13:54 MSK
"ArgParserTestSuite.FlagsTest" time elapsed: 00:00:00
----------------------------------------------------------

13/17 Testing: ArgParserTestSuite.PositionalArgTest
13/17 Test: ArgParserTestSuite.PositionalArgTest
Command: "/Users/beganovruslan/github-classroom/is-itmo-c-24/lаbwork4-BegаnоvR/build/tests/argparser_tests" "--gtest_filter=ArgParserTestSuite.PositionalArgTest" "--gtest_also_run_disabled_tests"
Directory: /Users/beganovruslan/github-classroom/is-itmo-c-24/lаbwork4-BegаnоvR/build/tests
"ArgParserTestSuite.PositionalArgTest" start time: Dec 24 13:54 MSK
Output:
----------------------------------------------------------
Running main() from /Users/beganovruslan/github-classroom/is-itmo-c-24/lаbwork4-BegаnоvR/build/_deps/googletest-src/googletest/src/gtest_main.cc
Note: Google Test filter = ArgParserTestSuite.PositionalArgTest
[==========] Running 1 test from 1 test suite.
[----------] Global test environment set-up.
[----------] 1 test from ArgParserTestSuite
[ RUN      ] ArgParserTestSuite.PositionalArgTest
Processing argument: 1
Processing argument: 2
Processing argument: 3
Processing argument: 4
Processing argument: 5
[       OK ] ArgParserTestSuite.PositionalArgTest (0 ms)
[----------] 1 test from ArgParserTestSuite (0 ms total)

[----------] Global test environment tear-down
[==========] 1 test from 1 test suite ran. (0 ms total)
[  PASSED  ] 1 test.
<end of output>
Test time =   0.00 sec
----------------------------------------------------------
Test Passed.
"ArgParserTestSuite.PositionalArgTest" end time: Dec 24 13:54 MSK
"ArgParserTestSuite.PositionalArgTest" time elapsed: 00:00:00
----------------------------------------------------------

14/17 Testing: ArgParserTestSuite.PositionalAndNormalArgTest
14/17 Test: ArgParserTestSuite.PositionalAndNormalArgTest
Command: "/Users/beganovruslan/github-classroom/is-itmo-c-24/lаbwork4-BegаnоvR/build/tests/argparser_tests" "--gtest_filter=ArgParserTestSuite.PositionalAndNormalArgTest" "--gtest_also_run_disabled_tests"
Directory: /Users/beganovruslan/github-classroom/is-itmo-c-24/lаbwork4-BegаnоvR/build/tests
"ArgParserTestSuite.PositionalAndNormalArgTest" start time: Dec 24 13:54 MSK
Output:
----------------------------------------------------------
Running main() from /Users/beganovruslan/github-classroom/is-itmo-c-24/lаbwork4-BegаnоvR/build/_deps/googletest-src/googletest/src/gtest_main.cc
Note: Google Test filter = ArgParserTestSuite.PositionalAndNormalArgTest
[==========] Running 1 test from 1 test suite.
[----------] Global test environment set-up.
[----------] 1 test from ArgParserTestSuite
[ RUN      ] ArgParserTestSuite.PositionalAndNormalArgTest
Mapping short name n to number
Processing argument: -n
Processing argument: 1
Processing argument: 2
Processing argument: 3
Processing argument: 4
Processing argument: 5
Processing argument: -f
[       OK ] ArgParserTestSuite.PositionalAndNormalArgTest (0 ms)
[----------] 1 test from ArgParserTestSuite (0 ms total)

[----------] Global test environment tear-down
[==========] 1 test from 1 test suite ran. (0 ms total)
[  PASSED  ] 1 test.
<end of output>
Test time =   0.00 sec
----------------------------------------------------------
Test Passed.
"ArgParserTestSuite.PositionalAndNormalArgTest" end time: Dec 24 13:54 MSK
"ArgParserTestSuite.PositionalAndNormalArgTest" time elapsed: 00:00:00
----------------------------------------------------------

15/17 Testing: ArgParserTestSuite.RepeatedParsingTest
15/17 Test: ArgParserTestSuite.RepeatedParsingTest
Command: "/Users/beganovruslan/github-classroom/is-itmo-c-24/lаbwork4-BegаnоvR/build/tests/argparser_tests" "--gtest_filter=ArgParserTestSuite.RepeatedParsingTest" "--gtest_also_run_disabled_tests"
Directory: /Users/beganovruslan/github-classroom/is-itmo-c-24/lаbwork4-BegаnоvR/build/tests
"ArgParserTestSuite.RepeatedParsingTest" start time: Dec 24 13:54 MSK
Output:
----------------------------------------------------------
Running main() from /Users/beganovruslan/github-classroom/is-itmo-c-24/lаbwork4-BegаnоvR/build/_deps/googletest-src/googletest/src/gtest_main.cc
Note: Google Test filter = ArgParserTestSuite.RepeatedParsingTest
[==========] Running 1 test from 1 test suite.
[----------] Global test environment set-up.
[----------] 1 test from ArgParserTestSuite
[ RUN      ] ArgParserTestSuite.RepeatedParsingTest
Processing argument: --number
Processing argument: -s
Processing argument: -i
Processing argument: -o=test
Processing argument: --number
Processing argument: -s
Processing argument: -i
Processing argument: -o=test
Processing argument: --first=52
[       OK ] ArgParserTestSuite.RepeatedParsingTest (0 ms)
[----------] 1 test from ArgParserTestSuite (0 ms total)

[----------] Global test environment tear-down
[==========] 1 test from 1 test suite ran. (0 ms total)
[  PASSED  ] 1 test.
<end of output>
Test time =   0.00 sec
----------------------------------------------------------
Test Passed.
"ArgParserTestSuite.RepeatedParsingTest" end time: Dec 24 13:54 MSK
"ArgParserTestSuite.RepeatedParsingTest" time elapsed: 00:00:00
----------------------------------------------------------

16/17 Testing: ArgParserTestSuite.HelpTest
16/17 Test: ArgParserTestSuite.HelpTest
Command: "/Users/beganovruslan/github-classroom/is-itmo-c-24/lаbwork4-BegаnоvR/build/tests/argparser_tests" "--gtest_filter=ArgParserTestSuite.HelpTest" "--gtest_also_run_disabled_tests"
Directory: /Users/beganovruslan/github-classroom/is-itmo-c-24/lаbwork4-BegаnоvR/build/tests
"ArgParserTestSuite.HelpTest" start time: Dec 24 13:54 MSK
Output:
----------------------------------------------------------
Running main() from /Users/beganovruslan/github-classroom/is-itmo-c-24/lаbwork4-BegаnоvR/build/_deps/googletest-src/googletest/src/gtest_main.cc
Note: Google Test filter = ArgParserTestSuite.HelpTest
[==========] Running 1 test from 1 test suite.
[----------] Global test environment set-up.
[----------] 1 test from ArgParserTestSuite
[ RUN      ] ArgParserTestSuite.HelpTest
Processing argument: --help
Usage: [options]
  --help, -h: 
Usage: [options]
  --help, -h: 
[       OK ] ArgParserTestSuite.HelpTest (0 ms)
[----------] 1 test from ArgParserTestSuite (0 ms total)

[----------] Global test environment tear-down
[==========] 1 test from 1 test suite ran. (0 ms total)
[  PASSED  ] 1 test.
<end of output>
Test time =   0.00 sec
----------------------------------------------------------
Test Passed.
"ArgParserTestSuite.HelpTest" end time: Dec 24 13:54 MSK
"ArgParserTestSuite.HelpTest" time elapsed: 00:00:00
----------------------------------------------------------

17/17 Testing: ArgParserTestSuite.HelpStringTest
17/17 Test: ArgParserTestSuite.HelpStringTest
Command: "/Users/beganovruslan/github-classroom/is-itmo-c-24/lаbwork4-BegаnоvR/build/tests/argparser_tests" "--gtest_filter=ArgParserTestSuite.HelpStringTest" "--gtest_also_run_disabled_tests"
Directory: /Users/beganovruslan/github-classroom/is-itmo-c-24/lаbwork4-BegаnоvR/build/tests
"ArgParserTestSuite.HelpStringTest" start time: Dec 24 13:54 MSK
Output:
----------------------------------------------------------
Running main() from /Users/beganovruslan/github-classroom/is-itmo-c-24/lаbwork4-BegаnоvR/build/_deps/googletest-src/googletest/src/gtest_main.cc
Note: Google Test filter = ArgParserTestSuite.HelpStringTest
[==========] Running 1 test from 1 test suite.
[----------] Global test environment set-up.
[----------] 1 test from ArgParserTestSuite
[ RUN      ] ArgParserTestSuite.HelpStringTest
Processing argument: --help
Usage: [options]
  --help, -h: 
  --input, -i: File path for input file
  --numer, -
: Some Number
  --flag2, -p: Use some logic
  --flag1, -s: Use some logic
[       OK ] ArgParserTestSuite.HelpStringTest (0 ms)
[----------] 1 test from ArgParserTestSuite (0 ms total)

[----------] Global test environment tear-down
[==========] 1 test from 1 test suite ran. (0 ms total)
[  PASSED  ] 1 test.
<end of output>
Test time =   0.00 sec
----------------------------------------------------------
Test Passed.
"ArgParserTestSuite.HelpStringTest" end time: Dec 24 13:54 MSK
"ArgParserTestSuite.HelpStringTest" time elapsed: 00:00:00
----------------------------------------------------------

End testing: Dec 24 13:54 MSK
